<?xml version="1.0" encoding="utf-8"?><testsuites name="pytest tests"><testsuite name="pytest" errors="0" failures="0" skipped="0" tests="8" time="3.696" timestamp="2026-01-30T03:23:57.337589+00:00" hostname="agent-env-f0e29fd0-4504-4875-80f9-9a843f44f194"><testcase classname="backend.tests.test_reschedule.TestRescheduleAPI" name="test_get_existing_bookings" time="1.309" /><testcase classname="backend.tests.test_reschedule.TestRescheduleAPI" name="test_reschedule_booking_time_only" time="0.385" /><testcase classname="backend.tests.test_reschedule.TestRescheduleAPI" name="test_reschedule_booking_with_date" time="0.331" /><testcase classname="backend.tests.test_reschedule.TestRescheduleAPI" name="test_reschedule_booking_with_resource" time="0.366" /><testcase classname="backend.tests.test_reschedule.TestRescheduleAPI" name="test_reschedule_nonexistent_booking" time="0.275" /><testcase classname="backend.tests.test_reschedule.TestRescheduleAPI" name="test_reschedule_full_payload" time="0.364" /><testcase classname="backend.tests.test_reschedule.TestResourceBookingsAPI" name="test_get_resource_bookings_by_date" time="0.322" /><testcase classname="backend.tests.test_reschedule.TestTimeIntervals" name="test_slot_config_exists" time="0.273" /></testsuite></testsuites>