<?xml version="1.0" encoding="utf-8"?><testsuites name="pytest tests"><testsuite name="pytest" errors="0" failures="0" skipped="0" tests="22" time="2.405" timestamp="2026-01-27T22:54:22.426340+00:00" hostname="agent-env-22ffabfb-2e45-492c-8e3e-439c4024293c"><testcase classname="tests.test_ridn_api.TestAuthFlow" name="test_user_registration" time="0.357" /><testcase classname="tests.test_ridn_api.TestAuthFlow" name="test_user_login" time="0.236" /><testcase classname="tests.test_ridn_api.TestAuthFlow" name="test_login_invalid_credentials" time="0.013" /><testcase classname="tests.test_ridn_api.TestFreshStartAPIs" name="test_get_reports_returns_zeros" time="0.303" /><testcase classname="tests.test_ridn_api.TestFreshStartAPIs" name="test_get_outlets_returns_list" time="0.010" /><testcase classname="tests.test_ridn_api.TestFreshStartAPIs" name="test_get_services_returns_list" time="0.049" /><testcase classname="tests.test_ridn_api.TestFreshStartAPIs" name="test_get_bookings_returns_list" time="0.011" /><testcase classname="tests.test_ridn_api.TestFreshStartAPIs" name="test_get_transactions_returns_list" time="0.008" /><testcase classname="tests.test_ridn_api.TestCRUDOperations" name="test_create_outlet" time="0.308" /><testcase classname="tests.test_ridn_api.TestCRUDOperations" name="test_get_outlet_after_create" time="0.051" /><testcase classname="tests.test_ridn_api.TestCRUDOperations" name="test_create_service" time="0.015" /><testcase classname="tests.test_ridn_api.TestCRUDOperations" name="test_get_service_after_create" time="0.011" /><testcase classname="tests.test_ridn_api.TestCRUDOperations" name="test_create_booking" time="0.012" /><testcase classname="tests.test_ridn_api.TestCRUDOperations" name="test_get_booking_after_create" time="0.017" /><testcase classname="tests.test_ridn_api.TestCRUDOperations" name="test_transaction_created_with_booking" time="0.031" /><testcase classname="tests.test_ridn_api.TestDashboardAndSlotConfig" name="test_get_dashboard_configs" time="0.302" /><testcase classname="tests.test_ridn_api.TestDashboardAndSlotConfig" name="test_create_dashboard_config" time="0.050" /><testcase classname="tests.test_ridn_api.TestDashboardAndSlotConfig" name="test_get_slot_configs" time="0.050" /><testcase classname="tests.test_ridn_api.TestDashboardAndSlotConfig" name="test_create_slot_config" time="0.078" /><testcase classname="tests.test_ridn_api.TestResetDataAPI" name="test_reset_data_endpoint" time="0.036" /><testcase classname="tests.test_ridn_api.TestCleanup" name="test_cleanup_test_outlets" time="0.284" /><testcase classname="tests.test_ridn_api.TestCleanup" name="test_cleanup_test_services" time="0.047" /></testsuite></testsuites>