<?xml version="1.0" encoding="utf-8"?><testsuites name="pytest tests"><testsuite name="pytest" errors="0" failures="0" skipped="0" tests="8" time="2.079" timestamp="2026-01-28T11:19:59.975374+00:00" hostname="agent-env-22ffabfb-2e45-492c-8e3e-439c4024293c"><testcase classname="backend.tests.test_new_features.TestSlotConfigMultiService" name="test_slot_config_has_allow_multiple_services_field" time="0.379" /><testcase classname="backend.tests.test_new_features.TestSlotConfigMultiService" name="test_create_slot_config_with_multi_service" time="0.050" /><testcase classname="backend.tests.test_new_features.TestSlotConfigMultiService" name="test_slot_config_branding_fields" time="0.016" /><testcase classname="backend.tests.test_new_features.TestPublicBookingMultiService" name="test_public_slot_config_endpoint" time="0.346" /><testcase classname="backend.tests.test_new_features.TestPublicBookingMultiService" name="test_public_booking_with_service_ids_array" time="0.295" /><testcase classname="backend.tests.test_new_features.TestBookingsUpcoming" name="test_bookings_api_returns_status_field" time="0.305" /><testcase classname="backend.tests.test_new_features.TestDashboardUpcomingWidget" name="test_dashboard_config_supports_upcoming_bookings_widget" time="0.311" /><testcase classname="backend.tests.test_new_features.TestCleanupNewFeatures" name="test_cleanup_test_bookings" time="0.298" /></testsuite></testsuites>