<?xml version="1.0" encoding="utf-8"?><testsuites name="pytest tests"><testsuite name="pytest" errors="0" failures="0" skipped="0" tests="11" time="1.215" timestamp="2026-01-28T21:27:28.553529+00:00" hostname="agent-env-22ffabfb-2e45-492c-8e3e-439c4024293c"><testcase classname="backend.tests.test_slot_manager_public_booking.TestSlotManagerAPI" name="test_get_slot_configs" time="0.380" /><testcase classname="backend.tests.test_slot_manager_public_booking.TestSlotManagerAPI" name="test_get_outlets" time="0.038" /><testcase classname="backend.tests.test_slot_manager_public_booking.TestSlotManagerAPI" name="test_get_services" time="0.039" /><testcase classname="backend.tests.test_slot_manager_public_booking.TestSlotManagerAPI" name="test_get_resource_bookings" time="0.087" /><testcase classname="backend.tests.test_slot_manager_public_booking.TestPublicBookingAPI" name="test_get_public_slot_config_full_token" time="0.042" /><testcase classname="backend.tests.test_slot_manager_public_booking.TestPublicBookingAPI" name="test_get_public_slot_config_short_token" time="0.040" /><testcase classname="backend.tests.test_slot_manager_public_booking.TestPublicBookingAPI" name="test_public_booking_validation_error_format" time="0.087" /><testcase classname="backend.tests.test_slot_manager_public_booking.TestPublicBookingAPI" name="test_public_booking_success" time="0.300" /><testcase classname="backend.tests.test_slot_manager_public_booking.TestPublicBookingAPI" name="test_invalid_token_returns_404" time="0.043" /><testcase classname="backend.tests.test_slot_manager_public_booking.TestSlotConfigResources" name="test_slot_config_has_resources" time="0.051" /><testcase classname="backend.tests.test_slot_manager_public_booking.TestSlotConfigResources" name="test_slot_config_has_operating_hours" time="0.047" /></testsuite></testsuites>