<?xml version="1.0" encoding="utf-8"?><testsuites name="pytest tests"><testsuite name="pytest" errors="0" failures="0" skipped="0" tests="13" time="1.988" timestamp="2026-01-28T22:26:50.775556+00:00" hostname="agent-env-44f96b65-720d-429e-a854-b5862cbd2a18"><testcase classname="backend.tests.test_booking_flow.TestAuthentication" name="test_login_success" time="0.315" /><testcase classname="backend.tests.test_booking_flow.TestAuthentication" name="test_login_invalid_credentials" time="0.040" /><testcase classname="backend.tests.test_booking_flow.TestPublicBookingFlow" name="test_get_public_slot_config" time="0.360" /><testcase classname="backend.tests.test_booking_flow.TestPublicBookingFlow" name="test_create_public_booking" time="0.331" /><testcase classname="backend.tests.test_booking_flow.TestBookingsAPI" name="test_get_all_bookings" time="0.041" /><testcase classname="backend.tests.test_booking_flow.TestBookingsAPI" name="test_get_resource_bookings" time="0.071" /><testcase classname="backend.tests.test_booking_flow.TestBookingsAPI" name="test_create_booking_authenticated" time="0.121" /><testcase classname="backend.tests.test_booking_flow.TestBookingsAPI" name="test_update_booking_status" time="0.080" /><testcase classname="backend.tests.test_booking_flow.TestTransactionsAPI" name="test_get_transactions" time="0.043" /><testcase classname="backend.tests.test_booking_flow.TestTransactionsAPI" name="test_transaction_created_for_booking" time="0.388" /><testcase classname="backend.tests.test_booking_flow.TestSlotConfigAPI" name="test_get_slot_configs" time="0.041" /><testcase classname="backend.tests.test_booking_flow.TestServicesAPI" name="test_get_services" time="0.040" /><testcase classname="backend.tests.test_booking_flow.TestOutletsAPI" name="test_get_outlets" time="0.037" /></testsuite></testsuites>